2021-11-09 22:21:25 [127.0.0.1][-][3bqr0bh6fvf9v9n7tcvescc84m][error][yii\web\HttpException:404] yii\base\InvalidRouteException: Unable to resolve the request "Gii". in C:\xampp\htdocs\zuntic_control_yii2\vendor\yiisoft\yii2\base\Module.php:543
Stack trace:
#0 C:\xampp\htdocs\zuntic_control_yii2\vendor\yiisoft\yii2\web\Application.php(104): yii\base\Module->runAction('Gii', Array)
#1 C:\xampp\htdocs\zuntic_control_yii2\vendor\yiisoft\yii2\base\Application.php(392): yii\web\Application->handleRequest(Object(yii\web\Request))
#2 C:\xampp\htdocs\zuntic_control_yii2\backend\web\index.php(18): yii\base\Application->run()
#3 {main}

Next yii\web\NotFoundHttpException: Page not found. in C:\xampp\htdocs\zuntic_control_yii2\vendor\yiisoft\yii2\web\Application.php:116
Stack trace:
#0 C:\xampp\htdocs\zuntic_control_yii2\vendor\yiisoft\yii2\base\Application.php(392): yii\web\Application->handleRequest(Object(yii\web\Request))
#1 C:\xampp\htdocs\zuntic_control_yii2\backend\web\index.php(18): yii\base\Application->run()
#2 {main}
2021-11-09 22:21:25 [127.0.0.1][-][3bqr0bh6fvf9v9n7tcvescc84m][info][application] $_GET = [
    'r' => 'Gii'
]

$_POST = []

$_FILES = []

$_COOKIE = [
    'advanced-backend' => '3bqr0bh6fvf9v9n7tcvescc84m'
    '_csrf-backend' => '85b9a026e140373abbd373a596a6e22103a10c3eb039c93503bed492088bdfc7a:2:{i:0;s:13:\"_csrf-backend\";i:1;s:32:\"028NlwsXvlvZcpy1ppBJhvwDBF8NpJX2\";}'
]

$_SESSION = [
    '__flash' => []
    '__returnUrl' => 'http://localhost/zuntic_control_yii2/backend/web/index.php'
]

$_SERVER = [
    'MIBDIRS' => 'C:/xampp/php/extras/mibs'
    'MYSQL_HOME' => '\\xampp\\mysql\\bin'
    'OPENSSL_CONF' => 'C:/xampp/apache/bin/openssl.cnf'
    'PHP_PEAR_SYSCONF_DIR' => '\\xampp\\php'
    'PHPRC' => '\\xampp\\php'
    'TMP' => '\\xampp\\tmp'
    'HTTP_HOST' => 'localhost'
    'HTTP_USER_AGENT' => 'Mozilla/5.0 (Windows NT 10.0; Win64; x64; rv:94.0) Gecko/20100101 Firefox/94.0'
    'HTTP_ACCEPT' => 'text/html,application/xhtml+xml,application/xml;q=0.9,image/avif,image/webp,*/*;q=0.8'
    'HTTP_ACCEPT_LANGUAGE' => 'es-MX,es;q=0.8,en-US;q=0.5,en;q=0.3'
    'HTTP_ACCEPT_ENCODING' => 'gzip, deflate'
    'HTTP_CONNECTION' => 'keep-alive'
    'HTTP_COOKIE' => 'advanced-backend=3bqr0bh6fvf9v9n7tcvescc84m; _csrf-backend=85b9a026e140373abbd373a596a6e22103a10c3eb039c93503bed492088bdfc7a%3A2%3A%7Bi%3A0%3Bs%3A13%3A%22_csrf-backend%22%3Bi%3A1%3Bs%3A32%3A%22028NlwsXvlvZcpy1ppBJhvwDBF8NpJX2%22%3B%7D'
    'HTTP_UPGRADE_INSECURE_REQUESTS' => '1'
    'HTTP_SEC_FETCH_DEST' => 'document'
    'HTTP_SEC_FETCH_MODE' => 'navigate'
    'HTTP_SEC_FETCH_SITE' => 'none'
    'HTTP_SEC_FETCH_USER' => '?1'
    'HTTP_SEC_GPC' => '1'
    'PATH' => 'C:\\Program Files\\AdoptOpenJDK\\jdk-11.0.11.9-hotspot\\bin;C:\\Program Files\\Rockwell Software\\RSCommon;C:\\Program Files (x86)\\Common Files\\NetSarang;C:\\ProgramData\\Oracle\\Java\\javapath;C:\\Program Files (x86)\\Intel\\Intel(R) Management Engine Components\\iCLS\\;C:\\Program Files\\Intel\\Intel(R) Management Engine Components\\iCLS\\;C:\\Windows\\System32;C:\\Windows;C:\\Windows\\System32\\wbem;C:\\Windows\\System32\\WindowsPowerShell\\v1.0\\;C:\\Program Files (x86)\\Intel\\Intel(R) Management Engine Components\\DAL;C:\\Program Files\\Intel\\Intel(R) Management Engine Components\\DAL;C:\\Program Files (x86)\\Intel\\Intel(R) Management Engine Components\\IPT;C:\\Program Files\\Intel\\Intel(R) Management Engine Components\\IPT;C:\\Windows\\System32\\OpenSSH\\;C:\\Program Files\\Java\\jdk1.8.0_111\\bin;C:\\Program Files\\TortoiseGit\\bin;C:\\Program Files\\Git\\cmd;C:\\Program Files (x86)\\GnuPG\\bin;C:\\Users\\cecilio\\anaconda3;C:\\Users\\cecilio\\AppData\\Local\\Microsoft\\WindowsApps;C:\\Program Files\\nodejs\\;C:\\wamp64\\bin\\mysql\\mysql5.7.31\\bin;C:\\xampp\\mysql\\bin;C:\\Program Files (x86)\\mingw-w64\\i686-8.1.0-posix-dwarf-rt_v6-rev0\\mingw32\\bin;C:\\Program Files\\dotnet\\;C:\\xampp\\php;C:\\Apache-svn\\bin;C:\\composer;C:\\Program Files (x86)\\Microsoft SQL Server\\150\\Tools\\Binn\\;C:\\Program Files\\Microsoft SQL Server\\150\\Tools\\Binn\\;C:\\Program Files (x86)\\Microsoft SQL Server\\150\\DTS\\Binn\\;C:\\Program Files\\Microsoft SQL Server\\150\\DTS\\Binn\\;C:\\Program Files\\Microsoft SQL Server\\Client SDK\\ODBC\\170\\Tools\\Binn\\;C:\\Program Files\\Azure Data Studio\\bin;C:\\Program Files\\TortoiseSVN\\bin;C:\\WINDOWS\\system32\\config\\systemprofile\\AppData\\Local\\Microsoft\\WindowsApps'
    'SystemRoot' => 'C:\\WINDOWS'
    'COMSPEC' => 'C:\\WINDOWS\\system32\\cmd.exe'
    'PATHEXT' => '.COM;.EXE;.BAT;.CMD;.VBS;.VBE;.JS;.JSE;.WSF;.WSH;.MSC'
    'WINDIR' => 'C:\\WINDOWS'
    'SERVER_SIGNATURE' => '<address>Apache/2.4.41 (Win64) OpenSSL/1.1.1c PHP/7.4.4 Server at localhost Port 80</address>
'
    'SERVER_SOFTWARE' => 'Apache/2.4.41 (Win64) OpenSSL/1.1.1c PHP/7.4.4'
    'SERVER_NAME' => 'localhost'
    'SERVER_ADDR' => '127.0.0.1'
    'SERVER_PORT' => '80'
    'REMOTE_ADDR' => '127.0.0.1'
    'DOCUMENT_ROOT' => 'C:/xampp/htdocs'
    'REQUEST_SCHEME' => 'http'
    'CONTEXT_PREFIX' => ''
    'CONTEXT_DOCUMENT_ROOT' => 'C:/xampp/htdocs'
    'SERVER_ADMIN' => 'postmaster@localhost'
    'SCRIPT_FILENAME' => 'C:/xampp/htdocs/zuntic_control_yii2/backend/web/index.php'
    'REMOTE_PORT' => '59579'
    'GATEWAY_INTERFACE' => 'CGI/1.1'
    'SERVER_PROTOCOL' => 'HTTP/1.1'
    'REQUEST_METHOD' => 'GET'
    'QUERY_STRING' => 'r=Gii'
    'REQUEST_URI' => '/zuntic_control_yii2/backend/web/index.php?r=Gii'
    'SCRIPT_NAME' => '/zuntic_control_yii2/backend/web/index.php'
    'PHP_SELF' => '/zuntic_control_yii2/backend/web/index.php'
    'REQUEST_TIME_FLOAT' => 1636492885.119
    'REQUEST_TIME' => 1636492885
]
